<?xml version="1.0" encoding="UTF-8"?>
<!-- Generated by org.testng.reporters.JUnitXMLReporter -->
<testsuite ignored="0" hostname="DESKTOP-5MRMMFR" failures="0" tests="8" name="Test" time="190.562" errors="0" timestamp="2024-07-19T23:05:02 IST">
  <testcase classname="testngShoe.Bata" name="campusShoe" time="29.543"/>
  <testcase classname="testngBike.Yamaha" name="campusShoe" time="22.542"/>
  <testcase classname="testngShoe.Nike" name="campusShoe" time="46.575"/>
  <testcase classname="testngShoe.Reebok" name="campusShoe" time="13.717"/>
  <testcase classname="testngBike.Ktm" name="campusShoe" time="15.683"/>
  <testcase classname="testngBike.Honda" name="campusShoe" time="24.951"/>
  <testcase classname="testngShoe.Campus" name="campusShoe" time="19.483"/>
  <testcase classname="testngBike.Tvs" name="campusShoe" time="17.935"/>
</testsuite> <!-- Test -->
